#
# There is insufficient memory for the Java Runtime Environment to continue.
# Native memory allocation (malloc) failed to allocate 1048576 bytes for AllocateHeap
# Possible reasons:
#   The system is out of physical RAM or swap space
#   The process is running with CompressedOops enabled, and the Java Heap may be blocking the growth of the native heap
# Possible solutions:
#   Reduce memory load on the system
#   Increase physical memory or swap space
#   Check if swap backing store is full
#   Decrease Java heap size (-Xmx/-Xms)
#   Decrease number of Java threads
#   Decrease Java thread stack sizes (-Xss)
#   Set larger code cache with -XX:ReservedCodeCacheSize=
# This output file may be truncated or incomplete.
#
#  Out of Memory Error (allocation.cpp:46), pid=21204, tid=26512
#
# JRE version:  (11.0.20+8) (build )
# Java VM: OpenJDK 64-Bit Server VM (11.0.20+8-LTS, mixed mode, sharing, tiered, compressed oops, g1 gc, windows-amd64)
# No core dump will be written. Minidumps are not enabled by default on client versions of Windows
#

---------------  S U M M A R Y ------------

Command Line: org.jetbrains.kotlin.cli.jvm.K2JVMCompiler @D:\coffeehouse\node_modules\react-native-gesture-handler\android\build\20231125_105823119052267128.compiler.options

Host: AMD Ryzen 5 5500U with Radeon Graphics         , 12 cores, 7G,  Windows 11 , 64 bit Build 22621 (10.0.22621.2506)
Time: Sat Nov 25 17:00:46 2023 SE Asia Standard Time elapsed time: 0.071653 seconds (0d 0h 0m 0s)

---------------  T H R E A D  ---------------

Current thread (0x00000233597ee000):  JavaThread "Unknown thread" [_thread_in_vm, id=26512, stack(0x0000007b1ac00000,0x0000007b1ad00000)]

Stack: [0x0000007b1ac00000,0x0000007b1ad00000]
Native frames: (J=compiled Java code, j=interpreted, Vv=VM code, C=native code)
V  [jvm.dll+0x62e9da]
V  [jvm.dll+0x7bc4e9]
V  [jvm.dll+0x7bdbd8]
V  [jvm.dll+0x7be2b3]
V  [jvm.dll+0x2505a8]
V  [jvm.dll+0xb9604]
V  [jvm.dll+0x2f21a4]
V  [jvm.dll+0x2ebf59]
V  [jvm.dll+0x7962f7]
V  [jvm.dll+0x797a7f]
V  [jvm.dll+0x365879]
V  [jvm.dll+0x779130]
V  [jvm.dll+0x3d4c1f]
V  [jvm.dll+0x3d6fb1]
C  [jli.dll+0x5227]
C  [ucrtbase.dll+0x29363]
C  [KERNEL32.DLL+0x1257d]
C  [ntdll.dll+0x5aa58]


---------------  P R O C E S S  ---------------

Threads class SMR info:
_java_thread_list=0x00000233575f54d0, length=0, elements={
}

Java Threads: ( => current thread )

Other Threads:
  0x0000023359808800 GCTaskThread "GC Thread#0" [stack: 0x0000007b1ad00000,0x0000007b1ae00000] [id=7236]

[error occurred during error reporting (printing all threads), id 0xc0000005, EXCEPTION_ACCESS_VIOLATION (0xc0000005) at pc=0x00007ffc90ce7790]

VM state:not at safepoint (not fully initialized)

VM Mutex/Monitor currently owned by a thread:  ([mutex/lock_event])
[0x00000233597e94a0] Heap_lock - owner thread: 0x00000233597ee000

Heap address: 0x000000008a800000, size: 1880 MB, Compressed Oops mode: Non-zero based: 0x000000008a800000
Narrow klass base: 0x0000000000000000, Narrow klass shift: 0

GC Heap History (0 events):
No events

Deoptimization events (0 events):
No events

Classes redefined (0 events):
No events

Internal exceptions (0 events):
No events

Events (1 events):
Event: 0.041 Loaded shared library C:\Program Files\Microsoft\jdk-11.0.20.8-hotspot\bin\zip.dll


Dynamic libraries:
0x00007ff696600000 - 0x00007ff69660d000 	C:\Program Files\Microsoft\jdk-11.0.20.8-hotspot\bin\java.exe
0x00007ffd07770000 - 0x00007ffd07987000 	C:\WINDOWS\SYSTEM32\ntdll.dll
0x00007ffd06090000 - 0x00007ffd06154000 	C:\WINDOWS\System32\KERNEL32.DLL
0x00007ffd04d50000 - 0x00007ffd050f5000 	C:\WINDOWS\System32\KERNELBASE.dll
0x00007ffd053a0000 - 0x00007ffd054b1000 	C:\WINDOWS\System32\ucrtbase.dll
0x00007ffd003c0000 - 0x00007ffd003d7000 	C:\Program Files\Microsoft\jdk-11.0.20.8-hotspot\bin\jli.dll
0x00007ffcfec40000 - 0x00007ffcfec55000 	C:\Program Files\Microsoft\jdk-11.0.20.8-hotspot\bin\VCRUNTIME140.dll
0x00007ffd056d0000 - 0x00007ffd0587e000 	C:\WINDOWS\System32\USER32.dll
0x00007ffd04ae0000 - 0x00007ffd04b06000 	C:\WINDOWS\System32\win32u.dll
0x00007ffd05570000 - 0x00007ffd05599000 	C:\WINDOWS\System32\GDI32.dll
0x00007ffd04bb0000 - 0x00007ffd04cc9000 	C:\WINDOWS\System32\gdi32full.dll
0x00007ffd04b10000 - 0x00007ffd04baa000 	C:\WINDOWS\System32\msvcp_win.dll
0x00007ffced460000 - 0x00007ffced6f3000 	C:\WINDOWS\WinSxS\amd64_microsoft.windows.common-controls_6595b64144ccf1df_6.0.22621.2506_none_270c5ae97388e100\COMCTL32.dll
0x00007ffd05fe0000 - 0x00007ffd06087000 	C:\WINDOWS\System32\msvcrt.dll
0x00007ffd05fa0000 - 0x00007ffd05fd1000 	C:\WINDOWS\System32\IMM32.DLL
0x00007ffcec610000 - 0x00007ffcec6ab000 	C:\Program Files\Microsoft\jdk-11.0.20.8-hotspot\bin\msvcp140.dll
0x00007ffc909f0000 - 0x00007ffc91586000 	C:\Program Files\Microsoft\jdk-11.0.20.8-hotspot\bin\server\jvm.dll
0x00007ffd07180000 - 0x00007ffd07231000 	C:\WINDOWS\System32\ADVAPI32.dll
0x00007ffd05620000 - 0x00007ffd056c6000 	C:\WINDOWS\System32\sechost.dll
0x00007ffd05880000 - 0x00007ffd05997000 	C:\WINDOWS\System32\RPCRT4.dll
0x00007ffd07720000 - 0x00007ffd07728000 	C:\WINDOWS\System32\PSAPI.DLL
0x00007ffcfc820000 - 0x00007ffcfc82a000 	C:\WINDOWS\SYSTEM32\VERSION.dll
0x00007ffcfe500000 - 0x00007ffcfe534000 	C:\WINDOWS\SYSTEM32\WINMM.dll
0x00007ffcef4b0000 - 0x00007ffcef4b9000 	C:\WINDOWS\SYSTEM32\WSOCK32.dll
0x00007ffd055a0000 - 0x00007ffd05611000 	C:\WINDOWS\System32\WS2_32.dll
0x00007ffd03a80000 - 0x00007ffd03a98000 	C:\WINDOWS\SYSTEM32\kernel.appcore.dll
0x00007ffd003f0000 - 0x00007ffd00400000 	C:\Program Files\Microsoft\jdk-11.0.20.8-hotspot\bin\verify.dll
0x00007ffcfac60000 - 0x00007ffcfae93000 	C:\WINDOWS\SYSTEM32\DBGHELP.DLL
0x00007ffd05af0000 - 0x00007ffd05e79000 	C:\WINDOWS\System32\combase.dll
0x00007ffd070a0000 - 0x00007ffd07177000 	C:\WINDOWS\System32\OLEAUT32.dll
0x00007ffcf4650000 - 0x00007ffcf4682000 	C:\WINDOWS\SYSTEM32\dbgcore.DLL
0x00007ffd04cd0000 - 0x00007ffd04d4a000 	C:\WINDOWS\System32\bcryptPrimitives.dll
0x00007ffcf05c0000 - 0x00007ffcf05e8000 	C:\Program Files\Microsoft\jdk-11.0.20.8-hotspot\bin\java.dll
0x00007ffcfe050000 - 0x00007ffcfe05a000 	C:\Program Files\Microsoft\jdk-11.0.20.8-hotspot\bin\jimage.dll
0x00007ffcfb2d0000 - 0x00007ffcfb2e8000 	C:\Program Files\Microsoft\jdk-11.0.20.8-hotspot\bin\zip.dll

dbghelp: loaded successfully - version: 4.0.5 - missing functions: none
symbol engine: initialized successfully - sym options: 0x614 - pdb path: .;C:\Program Files\Microsoft\jdk-11.0.20.8-hotspot\bin;C:\WINDOWS\SYSTEM32;C:\WINDOWS\WinSxS\amd64_microsoft.windows.common-controls_6595b64144ccf1df_6.0.22621.2506_none_270c5ae97388e100;C:\Program Files\Microsoft\jdk-11.0.20.8-hotspot\bin\server

VM Arguments:
java_command: org.jetbrains.kotlin.cli.jvm.K2JVMCompiler @D:\coffeehouse\node_modules\react-native-gesture-handler\android\build\20231125_105823119052267128.compiler.options
java_class_path (initial): C:\Users\xuanh\.gradle\caches\modules-2\files-2.1\org.jetbrains.kotlin\kotlin-compiler-embeddable\1.6.21\97bdd5a752ce73b58ef16c17bc7f0ea2faff7a2e\kotlin-compiler-embeddable-1.6.21.jar;C:\Users\xuanh\.gradle\caches\modules-2\files-2.1\org.jetbrains.kotlin\kotlin-reflect\1.6.21\5dc3574d9b7bebfcb4ec6b10ada4aaa9e140bd0b\kotlin-reflect-1.6.21.jar;C:\Users\xuanh\.gradle\caches\modules-2\files-2.1\org.jetbrains.kotlin\kotlin-stdlib\1.6.21\11ef67f1900634fd951bad28c53ec957fabbe5b8\kotlin-stdlib-1.6.21.jar;C:\Users\xuanh\.gradle\caches\modules-2\files-2.1\org.jetbrains.kotlin\kotlin-script-runtime\1.6.21\99c6675100da5d6d5b1c5a1032f27f28008d101b\kotlin-script-runtime-1.6.21.jar;C:\Users\xuanh\.gradle\caches\modules-2\files-2.1\org.jetbrains.kotlin\kotlin-daemon-embeddable\1.6.21\46b78cf392e1c4f10854c3cadba44abb7b82250f\kotlin-daemon-embeddable-1.6.21.jar;C:\Users\xuanh\.gradle\caches\modules-2\files-2.1\org.jetbrains.intellij.deps\trove4j\1.0.20200330\3afb14d5f9ceb459d724e907a21145e8ff394f02\trove4j-1.0.20200330.jar;C:\Users\xuanh\.gradle\caches\modules-2\files-2.1\net.java.dev.jna\jna\5.6.0\330f2244e9030119ab3030fc3fededc86713d9cc\jna-5.6.0.jar;C:\Users\xuanh\.gradle\caches\modules-2\files-2.1\org.jetbrains.kotlin\kotlin-stdlib-common\1.6.21\5e5b55c26dbc80372a920aef60eb774b714559b8\kotlin-stdlib-common-1.6.21.jar;C:\Users\xuanh\.gradle\caches\modules-2\files-2.1\org.jetbrains\annotations\13.0\919f0dfe192fb4e063e7dacadee7f8bb9a2672a9\annotations-13.0.jar
Launcher Type: SUN_STANDARD

[Global flags]
     intx CICompilerCount                          = 4                                         {product} {ergonomic}
     uint ConcGCThreads                            = 3                                         {product} {ergonomic}
     uint G1ConcRefinementThreads                  = 10                                        {product} {ergonomic}
   size_t G1HeapRegionSize                         = 1048576                                   {product} {ergonomic}
    uintx GCDrainStackTargetSize                   = 64                                        {product} {ergonomic}
   size_t InitialHeapSize                          = 123731968                                 {product} {ergonomic}
   size_t MarkStackSize                            = 4194304                                   {product} {ergonomic}
   size_t MaxHeapSize                              = 1971322880                                {product} {ergonomic}
   size_t MinHeapDeltaBytes                        = 1048576                                   {product} {ergonomic}
    uintx NonNMethodCodeHeapSize                   = 5836300                                {pd product} {ergonomic}
    uintx NonProfiledCodeHeapSize                  = 122910970                              {pd product} {ergonomic}
    uintx ProfiledCodeHeapSize                     = 122910970                              {pd product} {ergonomic}
    uintx ReservedCodeCacheSize                    = 251658240                              {pd product} {ergonomic}
     bool SegmentedCodeCache                       = true                                      {product} {ergonomic}
     bool UseCompressedClassPointers               = true                                 {lp64_product} {ergonomic}
     bool UseCompressedOops                        = true                                 {lp64_product} {ergonomic}
     bool UseG1GC                                  = true                                      {product} {ergonomic}
     bool UseLargePagesIndividualAllocation        = false                                  {pd product} {ergonomic}

Logging:
Log output configuration:
 #0: stdout all=warning uptime,level,tags
 #1: stderr all=off uptime,level,tags

Environment Variables:
JAVA_HOME=C:\Program Files\Microsoft\jdk-11.0.20.8-hotspot\
CLASSPATH=D:\coffeehouse\android\\gradle\wrapper\gradle-wrapper.jar
PATH=D:\coffeehouse\android\node_modules\.bin;D:\coffeehouse\node_modules\.bin;D:\node_modules\.bin;C:\Program Files\nodejs;D:\coffeehouse\node_modules\.bin;D:\node_modules\.bin;C:\Users\xuanh\AppData\Roaming\npm\node_modules\npm\node_modules\@npmcli\run-script\lib\node-gyp-bin;C:\Program Files\Microsoft\jdk-11.0.20.8-hotspot\bin;C:\Program Files\Common Files\Oracle\Java\javapath;C:\WINDOWS\system32;C:\WINDOWS;C:\WINDOWS\System32\Wbem;C:\WINDOWS\System32\WindowsPowerShell\v1.0\;C:\WINDOWS\System32\OpenSSH\;C:\Program Files\Git\cmd;C:\Program Files\nodejs\;C:\ProgramData\chocolatey\bin;C:\Program Files\NVIDIA Corporation\NVIDIA NvDLISR;C:\Program Files (x86)\NVIDIA Corporation\PhysX\Common;C:\Program Files\OpenSSL-Win64\bin;C:\Users\xuanh\scoop\shims;C:\Users\xuanh\AppData\Local\Android\Sdk\platform-tools;C:\Users\xuanh\AppData\Local\Microsoft\WindowsApps;C:\Users\xuanh\AppData\Roaming\npm;C:\Users\xuanh\AppData\Local\Programs\Microsoft VS Code\bin;C:\Users\xuanh\AppData\Local\GitHubDesktop\bin;C:\xampp\php;;C:\Users\xuanh\AppData\Local\Programs\oh-my-posh\bin
USERNAME=xuanhoang
LANG=en_US.UTF-8
OS=Windows_NT
PROCESSOR_IDENTIFIER=AMD64 Family 23 Model 104 Stepping 1, AuthenticAMD
TMP=C:\Users\xuanh\AppData\Local\Temp
TEMP=C:\Users\xuanh\AppData\Local\Temp



---------------  S Y S T E M  ---------------

OS: Windows 11 , 64 bit Build 22621 (10.0.22621.2506)
OS uptime: 9 days 15:30 hours

CPU:total 12 (initial active 12) (12 cores per cpu, 2 threads per core) family 23 model 104 stepping 1 microcode 0x0, cmov, cx8, fxsr, mmx, sse, sse2, sse3, ssse3, sse4.1, sse4.2, popcnt, avx, avx2, aes, clmul, mmxext, 3dnowpref, lzcnt, sse4a, ht, tsc, tscinvbit, tscinv, bmi1, bmi2, adx, sha, fma

Memory: 4k page, system-wide physical 7514M (96M free)
TotalPageFile size 26093M (AvailPageFile size 6M)
current process WorkingSet (physical memory assigned to process): 10M, peak: 10M
current process commit charge ("private bytes"): 55M, peak: 56M

vm_info: OpenJDK 64-Bit Server VM (11.0.20+8-LTS) for windows-amd64 JRE (11.0.20+8-LTS), built on Jul  7 2023 17:05:21 by "MicrosoftCorporation" with MS VC++ 15.9 (VS2017)

END.
