#
# There is insufficient memory for the Java Runtime Environment to continue.
# Native memory allocation (malloc) failed to allocate 32744 bytes for ChunkPool::allocate
# Possible reasons:
#   The system is out of physical RAM or swap space
#   The process is running with CompressedOops enabled, and the Java Heap may be blocking the growth of the native heap
# Possible solutions:
#   Reduce memory load on the system
#   Increase physical memory or swap space
#   Check if swap backing store is full
#   Decrease Java heap size (-Xmx/-Xms)
#   Decrease number of Java threads
#   Decrease Java thread stack sizes (-Xss)
#   Set larger code cache with -XX:ReservedCodeCacheSize=
#   JVM is running with Unscaled Compressed Oops mode in which the Java heap is
#     placed in the first 4GB address space. The Java Heap base address is the
#     maximum limit for the native heap growth. Please use -XX:HeapBaseMinAddress
#     to set the Java Heap base and to place the Java Heap above 4GB virtual address.
# This output file may be truncated or incomplete.
#
#  Out of Memory Error (arena.cpp:81), pid=9140, tid=10756
#
# JRE version: OpenJDK Runtime Environment Microsoft-8035250 (11.0.20+8) (build 11.0.20+8-LTS)
# Java VM: OpenJDK 64-Bit Server VM Microsoft-8035250 (11.0.20+8-LTS, mixed mode, tiered, compressed oops, g1 gc, windows-amd64)
# No core dump will be written. Minidumps are not enabled by default on client versions of Windows
#

---------------  S U M M A R Y ------------

Command Line: -Xmx64m -Xms64m -Dorg.gradle.appname=gradlew org.gradle.wrapper.GradleWrapperMain app:installDebug -PreactNativeDevServerPort=8081

Host: AMD Ryzen 5 5500U with Radeon Graphics         , 12 cores, 7G,  Windows 11 , 64 bit Build 22621 (10.0.22621.2050)
Time: Wed Sep 27 20:42:29 2023 SE Asia Standard Time elapsed time: 92.931211 seconds (0d 0h 1m 32s)

---------------  T H R E A D  ---------------

Current thread (0x000001a43a73e000):  JavaThread "C2 CompilerThread0" daemon [_thread_in_native, id=10756, stack(0x000000a372000000,0x000000a372100000)]


Current CompileTask:
C2:  92933 1665       4       java.lang.AbstractStringBuilder::append (45 bytes)

Stack: [0x000000a372000000,0x000000a372100000]
Native frames: (J=compiled Java code, j=interpreted, Vv=VM code, C=native code)
V  [jvm.dll+0x62e9da]
V  [jvm.dll+0x7bc4e9]
V  [jvm.dll+0x7bdbd8]
V  [jvm.dll+0x7be2b3]
V  [jvm.dll+0x2505a8]
V  [jvm.dll+0xc289b]
V  [jvm.dll+0xc2bfc]
V  [jvm.dll+0xc274b]
V  [jvm.dll+0x60c2ff]
V  [jvm.dll+0x65ff43]
V  [jvm.dll+0x19f2cd]
V  [jvm.dll+0x2098c5]
V  [jvm.dll+0x20893d]
V  [jvm.dll+0x18a7de]
V  [jvm.dll+0x2181ec]
V  [jvm.dll+0x21642b]
V  [jvm.dll+0x77efc0]
V  [jvm.dll+0x777db4]
V  [jvm.dll+0x62d845]
C  [ucrtbase.dll+0x29363]
C  [KERNEL32.DLL+0x126ad]
C  [ntdll.dll+0x5aa68]


---------------  P R O C E S S  ---------------

Threads class SMR info:
_java_thread_list=0x000001a43c2e3a50, length=13, elements={
0x000001a41db0e000, 0x000001a43a6d5000, 0x000001a43a6d7000, 0x000001a43a73a800,
0x000001a43a73c000, 0x000001a43a73d000, 0x000001a43a73e000, 0x000001a43a73f800,
0x000001a43a742800, 0x000001a43b1d2800, 0x000001a43bf60000, 0x000001a43c22f800,
0x000001a43c1d0000
}

Java Threads: ( => current thread )
  0x000001a41db0e000 JavaThread "main" [_thread_in_native, id=25240, stack(0x000000a371400000,0x000000a371500000)]
  0x000001a43a6d5000 JavaThread "Reference Handler" daemon [_thread_blocked, id=24820, stack(0x000000a371b00000,0x000000a371c00000)]
  0x000001a43a6d7000 JavaThread "Finalizer" daemon [_thread_blocked, id=2968, stack(0x000000a371c00000,0x000000a371d00000)]
  0x000001a43a73a800 JavaThread "Signal Dispatcher" daemon [_thread_blocked, id=2672, stack(0x000000a371d00000,0x000000a371e00000)]
  0x000001a43a73c000 JavaThread "Attach Listener" daemon [_thread_blocked, id=13888, stack(0x000000a371e00000,0x000000a371f00000)]
  0x000001a43a73d000 JavaThread "Service Thread" daemon [_thread_blocked, id=7016, stack(0x000000a371f00000,0x000000a372000000)]
=>0x000001a43a73e000 JavaThread "C2 CompilerThread0" daemon [_thread_in_native, id=10756, stack(0x000000a372000000,0x000000a372100000)]
  0x000001a43a73f800 JavaThread "C1 CompilerThread0" daemon [_thread_blocked, id=12384, stack(0x000000a372100000,0x000000a372200000)]
  0x000001a43a742800 JavaThread "Sweeper thread" daemon [_thread_blocked, id=6984, stack(0x000000a372200000,0x000000a372300000)]
  0x000001a43b1d2800 JavaThread "Common-Cleaner" daemon [_thread_blocked, id=14976, stack(0x000000a372400000,0x000000a372500000)]
  0x000001a43bf60000 JavaThread "pool-1-thread-1" [_thread_blocked, id=3280, stack(0x000000a372600000,0x000000a372700000)]
  0x000001a43c22f800 JavaThread "DisconnectableInputStream source reader" daemon [_thread_in_native, id=17548, stack(0x000000a372800000,0x000000a372900000)]
  0x000001a43c1d0000 JavaThread "Forward input" [_thread_blocked, id=4520, stack(0x000000a372900000,0x000000a372a00000)]

Other Threads:
  0x000001a43a6ad000 VMThread "VM Thread" [stack: 0x000000a371a00000,0x000000a371b00000] [id=9920]
  0x000001a43b1c8800 WatcherThread [stack: 0x000000a372300000,0x000000a372400000] [id=14068]
  0x000001a41dc9d800 GCTaskThread "GC Thread#0" [stack: 0x000000a371500000,0x000000a371600000] [id=16504]
  0x000001a43c0c6000 GCTaskThread "GC Thread#1" [stack: 0x000000a372500000,0x000000a372600000] [id=24456]
  0x000001a41dca5000 ConcurrentGCThread "G1 Main Marker" [stack: 0x000000a371600000,0x000000a371700000] [id=18952]
  0x000001a41dca7800 ConcurrentGCThread "G1 Conc#0" [stack: 0x000000a371700000,0x000000a371800000] [id=13388]
  0x000001a41dd19800 ConcurrentGCThread "G1 Refine#0" [stack: 0x000000a371800000,0x000000a371900000] [id=24152]
  0x000001a41dd1d000 ConcurrentGCThread "G1 Young RemSet Sampling" [stack: 0x000000a371900000,0x000000a371a00000] [id=2404]

Threads with active compile tasks:
C2 CompilerThread0    93104 1665       4       java.lang.AbstractStringBuilder::append (45 bytes)

VM state:not at safepoint (normal execution)

VM Mutex/Monitor currently owned by a thread: None

Heap address: 0x00000000fc000000, size: 64 MB, Compressed Oops mode: 32-bit
Narrow klass base: 0x0000000000000000, Narrow klass shift: 3
Compressed class space size: 1073741824 Address: 0x0000000100000000

Heap:
 garbage-first heap   total 65536K, used 31775K [0x00000000fc000000, 0x0000000100000000)
  region size 1024K, 26 young (26624K), 3 survivors (3072K)
 Metaspace       used 16026K, capacity 16284K, committed 16512K, reserved 1064960K
  class space    used 1799K, capacity 1905K, committed 1920K, reserved 1048576K
Heap Regions: E=young(eden), S=young(survivor), O=old, HS=humongous(starts), HC=humongous(continues), CS=collection set, F=free, A=archive, TAMS=top-at-mark-start (previous, next)
|   0|0x00000000fc000000, 0x00000000fc000000, 0x00000000fc100000|  0%| F|  |TAMS 0x00000000fc000000, 0x00000000fc000000| Untracked 
|   1|0x00000000fc100000, 0x00000000fc100000, 0x00000000fc200000|  0%| F|  |TAMS 0x00000000fc100000, 0x00000000fc100000| Untracked 
|   2|0x00000000fc200000, 0x00000000fc200000, 0x00000000fc300000|  0%| F|  |TAMS 0x00000000fc200000, 0x00000000fc200000| Untracked 
|   3|0x00000000fc300000, 0x00000000fc400000, 0x00000000fc400000|100%|HS|  |TAMS 0x00000000fc300000, 0x00000000fc300000| Complete 
|   4|0x00000000fc400000, 0x00000000fc500000, 0x00000000fc500000|100%|HC|  |TAMS 0x00000000fc400000, 0x00000000fc400000| Complete 
|   5|0x00000000fc500000, 0x00000000fc600000, 0x00000000fc600000|100%|HC|  |TAMS 0x00000000fc500000, 0x00000000fc500000| Complete 
|   6|0x00000000fc600000, 0x00000000fc700000, 0x00000000fc700000|100%| O|  |TAMS 0x00000000fc600000, 0x00000000fc600000| Untracked 
|   7|0x00000000fc700000, 0x00000000fc800000, 0x00000000fc800000|100%| O|  |TAMS 0x00000000fc700000, 0x00000000fc700000| Untracked 
|   8|0x00000000fc800000, 0x00000000fc900000, 0x00000000fc900000|100%| O|  |TAMS 0x00000000fc800000, 0x00000000fc800000| Untracked 
|   9|0x00000000fc900000, 0x00000000fc907c00, 0x00000000fca00000|  3%| O|  |TAMS 0x00000000fc900000, 0x00000000fc900000| Untracked 
|  10|0x00000000fca00000, 0x00000000fca00000, 0x00000000fcb00000|  0%| F|  |TAMS 0x00000000fca00000, 0x00000000fca00000| Untracked 
|  11|0x00000000fcb00000, 0x00000000fcb00000, 0x00000000fcc00000|  0%| F|  |TAMS 0x00000000fcb00000, 0x00000000fcb00000| Untracked 
|  12|0x00000000fcc00000, 0x00000000fcc00000, 0x00000000fcd00000|  0%| F|  |TAMS 0x00000000fcc00000, 0x00000000fcc00000| Untracked 
|  13|0x00000000fcd00000, 0x00000000fcd00000, 0x00000000fce00000|  0%| F|  |TAMS 0x00000000fcd00000, 0x00000000fcd00000| Untracked 
|  14|0x00000000fce00000, 0x00000000fce00000, 0x00000000fcf00000|  0%| F|  |TAMS 0x00000000fce00000, 0x00000000fce00000| Untracked 
|  15|0x00000000fcf00000, 0x00000000fcf00000, 0x00000000fd000000|  0%| F|  |TAMS 0x00000000fcf00000, 0x00000000fcf00000| Untracked 
|  16|0x00000000fd000000, 0x00000000fd000000, 0x00000000fd100000|  0%| F|  |TAMS 0x00000000fd000000, 0x00000000fd000000| Untracked 
|  17|0x00000000fd100000, 0x00000000fd100000, 0x00000000fd200000|  0%| F|  |TAMS 0x00000000fd100000, 0x00000000fd100000| Untracked 
|  18|0x00000000fd200000, 0x00000000fd200000, 0x00000000fd300000|  0%| F|  |TAMS 0x00000000fd200000, 0x00000000fd200000| Untracked 
|  19|0x00000000fd300000, 0x00000000fd300000, 0x00000000fd400000|  0%| F|  |TAMS 0x00000000fd300000, 0x00000000fd300000| Untracked 
|  20|0x00000000fd400000, 0x00000000fd400000, 0x00000000fd500000|  0%| F|  |TAMS 0x00000000fd400000, 0x00000000fd400000| Untracked 
|  21|0x00000000fd500000, 0x00000000fd500000, 0x00000000fd600000|  0%| F|  |TAMS 0x00000000fd500000, 0x00000000fd500000| Untracked 
|  22|0x00000000fd600000, 0x00000000fd600000, 0x00000000fd700000|  0%| F|  |TAMS 0x00000000fd600000, 0x00000000fd600000| Untracked 
|  23|0x00000000fd700000, 0x00000000fd700000, 0x00000000fd800000|  0%| F|  |TAMS 0x00000000fd700000, 0x00000000fd700000| Untracked 
|  24|0x00000000fd800000, 0x00000000fd800000, 0x00000000fd900000|  0%| F|  |TAMS 0x00000000fd800000, 0x00000000fd800000| Untracked 
|  25|0x00000000fd900000, 0x00000000fd900000, 0x00000000fda00000|  0%| F|  |TAMS 0x00000000fd900000, 0x00000000fd900000| Untracked 
|  26|0x00000000fda00000, 0x00000000fda00000, 0x00000000fdb00000|  0%| F|  |TAMS 0x00000000fda00000, 0x00000000fda00000| Untracked 
|  27|0x00000000fdb00000, 0x00000000fdb00000, 0x00000000fdc00000|  0%| F|  |TAMS 0x00000000fdb00000, 0x00000000fdb00000| Untracked 
|  28|0x00000000fdc00000, 0x00000000fdc00000, 0x00000000fdd00000|  0%| F|  |TAMS 0x00000000fdc00000, 0x00000000fdc00000| Untracked 
|  29|0x00000000fdd00000, 0x00000000fdd00000, 0x00000000fde00000|  0%| F|  |TAMS 0x00000000fdd00000, 0x00000000fdd00000| Untracked 
|  30|0x00000000fde00000, 0x00000000fde00000, 0x00000000fdf00000|  0%| F|  |TAMS 0x00000000fde00000, 0x00000000fde00000| Untracked 
|  31|0x00000000fdf00000, 0x00000000fdf00000, 0x00000000fe000000|  0%| F|  |TAMS 0x00000000fdf00000, 0x00000000fdf00000| Untracked 
|  32|0x00000000fe000000, 0x00000000fe000000, 0x00000000fe100000|  0%| F|  |TAMS 0x00000000fe000000, 0x00000000fe000000| Untracked 
|  33|0x00000000fe100000, 0x00000000fe100000, 0x00000000fe200000|  0%| F|  |TAMS 0x00000000fe100000, 0x00000000fe100000| Untracked 
|  34|0x00000000fe200000, 0x00000000fe200000, 0x00000000fe300000|  0%| F|  |TAMS 0x00000000fe200000, 0x00000000fe200000| Untracked 
|  35|0x00000000fe300000, 0x00000000fe300000, 0x00000000fe400000|  0%| F|  |TAMS 0x00000000fe300000, 0x00000000fe300000| Untracked 
|  36|0x00000000fe400000, 0x00000000fe400000, 0x00000000fe500000|  0%| F|  |TAMS 0x00000000fe400000, 0x00000000fe400000| Untracked 
|  37|0x00000000fe500000, 0x00000000fe600000, 0x00000000fe600000|100%| S|CS|TAMS 0x00000000fe500000, 0x00000000fe500000| Complete 
|  38|0x00000000fe600000, 0x00000000fe700000, 0x00000000fe700000|100%| S|CS|TAMS 0x00000000fe600000, 0x00000000fe600000| Complete 
|  39|0x00000000fe700000, 0x00000000fe800000, 0x00000000fe800000|100%| S|CS|TAMS 0x00000000fe700000, 0x00000000fe700000| Complete 
|  40|0x00000000fe800000, 0x00000000fe800000, 0x00000000fe900000|  0%| F|  |TAMS 0x00000000fe800000, 0x00000000fe800000| Untracked 
|  41|0x00000000fe900000, 0x00000000fea00000, 0x00000000fea00000|100%| E|  |TAMS 0x00000000fe900000, 0x00000000fe900000| Complete 
|  42|0x00000000fea00000, 0x00000000feb00000, 0x00000000feb00000|100%| E|CS|TAMS 0x00000000fea00000, 0x00000000fea00000| Complete 
|  43|0x00000000feb00000, 0x00000000fec00000, 0x00000000fec00000|100%| E|CS|TAMS 0x00000000feb00000, 0x00000000feb00000| Complete 
|  44|0x00000000fec00000, 0x00000000fed00000, 0x00000000fed00000|100%| E|CS|TAMS 0x00000000fec00000, 0x00000000fec00000| Complete 
|  45|0x00000000fed00000, 0x00000000fee00000, 0x00000000fee00000|100%| E|CS|TAMS 0x00000000fed00000, 0x00000000fed00000| Complete 
|  46|0x00000000fee00000, 0x00000000fef00000, 0x00000000fef00000|100%| E|CS|TAMS 0x00000000fee00000, 0x00000000fee00000| Complete 
|  47|0x00000000fef00000, 0x00000000ff000000, 0x00000000ff000000|100%| E|CS|TAMS 0x00000000fef00000, 0x00000000fef00000| Complete 
|  48|0x00000000ff000000, 0x00000000ff100000, 0x00000000ff100000|100%| E|CS|TAMS 0x00000000ff000000, 0x00000000ff000000| Complete 
|  49|0x00000000ff100000, 0x00000000ff200000, 0x00000000ff200000|100%| E|CS|TAMS 0x00000000ff100000, 0x00000000ff100000| Complete 
|  50|0x00000000ff200000, 0x00000000ff300000, 0x00000000ff300000|100%| E|CS|TAMS 0x00000000ff200000, 0x00000000ff200000| Complete 
|  51|0x00000000ff300000, 0x00000000ff400000, 0x00000000ff400000|100%| E|CS|TAMS 0x00000000ff300000, 0x00000000ff300000| Complete 
|  52|0x00000000ff400000, 0x00000000ff500000, 0x00000000ff500000|100%| E|CS|TAMS 0x00000000ff400000, 0x00000000ff400000| Complete 
|  53|0x00000000ff500000, 0x00000000ff600000, 0x00000000ff600000|100%| E|CS|TAMS 0x00000000ff500000, 0x00000000ff500000| Complete 
|  54|0x00000000ff600000, 0x00000000ff700000, 0x00000000ff700000|100%| E|CS|TAMS 0x00000000ff600000, 0x00000000ff600000| Complete 
|  55|0x00000000ff700000, 0x00000000ff800000, 0x00000000ff800000|100%| E|CS|TAMS 0x00000000ff700000, 0x00000000ff700000| Complete 
|  56|0x00000000ff800000, 0x00000000ff900000, 0x00000000ff900000|100%| E|CS|TAMS 0x00000000ff800000, 0x00000000ff800000| Complete 
|  57|0x00000000ff900000, 0x00000000ffa00000, 0x00000000ffa00000|100%| E|CS|TAMS 0x00000000ff900000, 0x00000000ff900000| Complete 
|  58|0x00000000ffa00000, 0x00000000ffb00000, 0x00000000ffb00000|100%| E|CS|TAMS 0x00000000ffa00000, 0x00000000ffa00000| Complete 
|  59|0x00000000ffb00000, 0x00000000ffc00000, 0x00000000ffc00000|100%| E|CS|TAMS 0x00000000ffb00000, 0x00000000ffb00000| Complete 
|  60|0x00000000ffc00000, 0x00000000ffd00000, 0x00000000ffd00000|100%| E|CS|TAMS 0x00000000ffc00000, 0x00000000ffc00000| Complete 
|  61|0x00000000ffd00000, 0x00000000ffe00000, 0x00000000ffe00000|100%| E|CS|TAMS 0x00000000ffd00000, 0x00000000ffd00000| Complete 
|  62|0x00000000ffe00000, 0x00000000fff00000, 0x00000000fff00000|100%| E|CS|TAMS 0x00000000ffe00000, 0x00000000ffe00000| Complete 
|  63|0x00000000fff00000, 0x0000000100000000, 0x0000000100000000|100%| E|CS|TAMS 0x00000000fff00000, 0x00000000fff00000| Complete 

Card table byte_map: [0x000001a437860000,0x000001a437880000] _byte_map_base: 0x000001a437080000

Marking Bits (Prev, Next): (CMBitMap*) 0x000001a41dca3b28, (CMBitMap*) 0x000001a41dca3b60
 Prev Bits: [0x000001a4378a0000, 0x000001a4379a0000)
 Next Bits: [0x000001a4379a0000, 0x000001a437aa0000)

Polling page: 0x000001a41d9f0000

Metaspace:

Usage:
  Non-class:     14.04 MB capacity,    13.89 MB ( 99%) used,   129.72 KB ( <1%) free+waste,    22.13 KB ( <1%) overhead. 
      Class:      1.86 MB capacity,     1.76 MB ( 94%) used,    94.55 KB (  5%) free+waste,    10.81 KB ( <1%) overhead. 
       Both:     15.90 MB capacity,    15.65 MB ( 98%) used,   224.27 KB (  1%) free+waste,    32.94 KB ( <1%) overhead. 

Virtual space:
  Non-class space:       16.00 MB reserved,      14.25 MB ( 89%) committed 
      Class space:        1.00 GB reserved,       1.88 MB ( <1%) committed 
             Both:        1.02 GB reserved,      16.13 MB (  2%) committed 

Chunk freelists:
   Non-Class:  21.00 KB
       Class:  15.00 KB
        Both:  36.00 KB

MaxMetaspaceSize: 17179869184.00 GB
CompressedClassSpaceSize: 1.00 GB
Initial GC threshold: 20.80 MB
Current GC threshold: 20.80 MB
CDS: off

CodeHeap 'non-profiled nmethods': size=120000Kb used=562Kb max_used=562Kb free=119437Kb
 bounds [0x000001a42f690000, 0x000001a42f900000, 0x000001a436bc0000]
CodeHeap 'profiled nmethods': size=120000Kb used=3283Kb max_used=3283Kb free=116716Kb
 bounds [0x000001a428160000, 0x000001a4284a0000, 0x000001a42f690000]
CodeHeap 'non-nmethods': size=5760Kb used=1165Kb max_used=1185Kb free=4595Kb
 bounds [0x000001a427bc0000, 0x000001a427e30000, 0x000001a428160000]
 total_blobs=2092 nmethods=1664 adapters=341
 compilation: enabled
              stopped_count=0, restarted_count=0
 full_count=0

Compilation events (20 events):
Event: 84.359 Thread 0x000001a43a73e000 nmethod 1652 0x000001a42f71a310 code [0x000001a42f71a500, 0x000001a42f71ab88]
Event: 84.359 Thread 0x000001a43a73e000 1656       4       java.util.ArrayList::iterator (9 bytes)
Event: 84.359 Thread 0x000001a43a73e000 nmethod 1656 0x000001a42f71b110 code [0x000001a42f71b2a0, 0x000001a42f71b398]
Event: 85.230 Thread 0x000001a43a73f800 1657       1       org.gradle.internal.logging.console.DefaultAnsiExecutor::access$300 (5 bytes)
Event: 85.230 Thread 0x000001a43a73f800 nmethod 1657 0x000001a42f71b490 code [0x000001a42f71b640, 0x000001a42f71b6d8]
Event: 85.231 Thread 0x000001a43a73f800 1659       3       java.nio.ByteBuffer::position (6 bytes)
Event: 85.231 Thread 0x000001a43a73f800 nmethod 1659 0x000001a42848f990 code [0x000001a42848fb40, 0x000001a42848fce8]
Event: 85.231 Thread 0x000001a43a73f800 1658       3       sun.nio.cs.StreamEncoder::implWrite (137 bytes)
Event: 85.231 Thread 0x000001a43a73f800 nmethod 1658 0x000001a42848fd90 code [0x000001a42848ffe0, 0x000001a428490808]
Event: 85.232 Thread 0x000001a43a73f800 1660       3       org.gradle.internal.logging.console.DefaultRedrawableLabel::redrawText (102 bytes)
Event: 85.235 Thread 0x000001a43a73f800 nmethod 1660 0x000001a428490a90 code [0x000001a428490da0, 0x000001a428491f28]
Event: 86.101 Thread 0x000001a43a73e000 1661       4       org.gradle.internal.serialize.DefaultSerializerRegistry$TaggedTypeSerializer::read (69 bytes)
Event: 86.114 Thread 0x000001a43a73e000 nmethod 1661 0x000001a42f71b790 code [0x000001a42f71b9a0, 0x000001a42f71c160]
Event: 86.134 Thread 0x000001a43a73f800 1662       3       org.gradle.internal.logging.text.AbstractLineChoppingStyledTextOutput$StateContext::flushLineText (113 bytes)
Event: 86.135 Thread 0x000001a43a73f800 nmethod 1662 0x000001a428492690 code [0x000001a428492980, 0x000001a428493798]
Event: 86.135 Thread 0x000001a43a73f800 1663       3       java.lang.System::checkKey (34 bytes)
Event: 86.135 Thread 0x000001a43a73f800 nmethod 1663 0x000001a428493d10 code [0x000001a428493f00, 0x000001a428494228]
Event: 86.136 Thread 0x000001a43a73f800 1664       3       java.lang.System::getProperty (25 bytes)
Event: 86.138 Thread 0x000001a43a73f800 nmethod 1664 0x000001a428494390 code [0x000001a4284945c0, 0x000001a428494b88]
Event: 92.786 Thread 0x000001a43a73e000 1665       4       java.lang.AbstractStringBuilder::append (45 bytes)

GC Heap History (2 events):
Event: 1.117 GC heap before
{Heap before GC invocations=0 (full 0):
 garbage-first heap   total 65536K, used 29696K [0x00000000fc000000, 0x0000000100000000)
  region size 1024K, 24 young (24576K), 0 survivors (0K)
 Metaspace       used 10289K, capacity 10526K, committed 10624K, reserved 1058816K
  class space    used 1038K, capacity 1129K, committed 1152K, reserved 1048576K
}
Event: 1.126 GC heap after
{Heap after GC invocations=1 (full 0):
 garbage-first heap   total 65536K, used 9247K [0x00000000fc000000, 0x0000000100000000)
  region size 1024K, 3 young (3072K), 3 survivors (3072K)
 Metaspace       used 10289K, capacity 10526K, committed 10624K, reserved 1058816K
  class space    used 1038K, capacity 1129K, committed 1152K, reserved 1048576K
}

Deoptimization events (20 events):
Event: 1.195 Thread 0x000001a41db0e000 Uncommon trap: trap_request=0xffffff4d fr.pc=0x000001a42f6b247c relative=0x00000000000008dc
Event: 1.195 Thread 0x000001a41db0e000 Uncommon trap: reason=unstable_if action=reinterpret pc=0x000001a42f6b247c method=java.io.WinNTFileSystem.resolve(Ljava/lang/String;Ljava/lang/String;)Ljava/lang/String; @ 70 c2
Event: 1.195 Thread 0x000001a41db0e000 DEOPT PACKING pc=0x000001a42f6b247c sp=0x000000a3714fbd10
Event: 1.195 Thread 0x000001a41db0e000 DEOPT UNPACKING pc=0x000001a427c0a1af sp=0x000000a3714fbca0 mode 2
Event: 1.323 Thread 0x000001a41db0e000 DEOPT PACKING pc=0x000001a4282043ff sp=0x000000a3714f83c0
Event: 1.323 Thread 0x000001a41db0e000 DEOPT UNPACKING pc=0x000001a427c0a95e sp=0x000000a3714f7810 mode 0
Event: 1.412 Thread 0x000001a41db0e000 DEOPT PACKING pc=0x000001a428254d30 sp=0x000000a3714f84e0
Event: 1.412 Thread 0x000001a41db0e000 DEOPT UNPACKING pc=0x000001a427c0a95e sp=0x000000a3714f79f8 mode 0
Event: 1.446 Thread 0x000001a41db0e000 Uncommon trap: trap_request=0xffffff4d fr.pc=0x000001a42f6e4be0 relative=0x00000000000001a0
Event: 1.446 Thread 0x000001a41db0e000 Uncommon trap: reason=unstable_if action=reinterpret pc=0x000001a42f6e4be0 method=java.util.HashMap.getNode(ILjava/lang/Object;)Ljava/util/HashMap$Node; @ 129 c2
Event: 1.446 Thread 0x000001a41db0e000 DEOPT PACKING pc=0x000001a42f6e4be0 sp=0x000000a3714fa470
Event: 1.446 Thread 0x000001a41db0e000 DEOPT UNPACKING pc=0x000001a427c0a1af sp=0x000000a3714fa370 mode 2
Event: 2.101 Thread 0x000001a41db0e000 Uncommon trap: trap_request=0xffffff4d fr.pc=0x000001a42f6c3888 relative=0x00000000000005c8
Event: 2.101 Thread 0x000001a41db0e000 Uncommon trap: reason=unstable_if action=reinterpret pc=0x000001a42f6c3888 method=java.lang.AbstractStringBuilder.append(Ljava/lang/String;)Ljava/lang/AbstractStringBuilder; @ 1 c2
Event: 2.101 Thread 0x000001a41db0e000 DEOPT PACKING pc=0x000001a42f6c3888 sp=0x000000a3714fc450
Event: 2.101 Thread 0x000001a41db0e000 DEOPT UNPACKING pc=0x000001a427c0a1af sp=0x000000a3714fc3d0 mode 2
Event: 2.102 Thread 0x000001a41db0e000 Uncommon trap: trap_request=0xffffff4d fr.pc=0x000001a42f6d2f5c relative=0x000000000000059c
Event: 2.102 Thread 0x000001a41db0e000 Uncommon trap: reason=unstable_if action=reinterpret pc=0x000001a42f6d2f5c method=java.lang.AbstractStringBuilder.append(Ljava/lang/String;)Ljava/lang/AbstractStringBuilder; @ 1 c2
Event: 2.102 Thread 0x000001a41db0e000 DEOPT PACKING pc=0x000001a42f6d2f5c sp=0x000000a3714fc3f0
Event: 2.102 Thread 0x000001a41db0e000 DEOPT UNPACKING pc=0x000001a427c0a1af sp=0x000000a3714fc3d8 mode 2

Classes redefined (0 events):
No events

Internal exceptions (13 events):
Event: 0.249 Thread 0x000001a41db0e000 Exception <a 'java/lang/NoSuchMethodError'{0x00000000ffc61278}: 'int java.lang.invoke.DirectMethodHandle$Holder.invokeStaticInit(java.lang.Object, java.lang.Object)'> (0x00000000ffc61278) thrown at [s\src\hotspot\share\interpreter\linkResolver.cpp, line 773]
Event: 0.446 Thread 0x000001a41db0e000 Exception <a 'java/lang/NoSuchMethodError'{0x00000000ffb35230}: 'int java.lang.invoke.DirectMethodHandle$Holder.invokeSpecial(java.lang.Object, java.lang.Object, java.lang.Object, java.lang.Object)'> (0x00000000ffb35230) thrown at [s\src\hotspot\share\interpreter\linkResolver.cpp, line 773]
Event: 0.453 Thread 0x000001a41db0e000 Exception <a 'java/lang/NoSuchMethodError'{0x00000000ffb6dae8}: 'int java.lang.invoke.DirectMethodHandle$Holder.invokeSpecialIFC(java.lang.Object, java.lang.Object, int)'> (0x00000000ffb6dae8) thrown at [s\src\hotspot\share\interpreter\linkResolver.cpp, line 773]
Event: 1.109 Thread 0x000001a41db0e000 Exception <a 'java/lang/NoClassDefFoundError'{0x00000000fe86b970}: org/slf4j/impl/StaticMarkerBinder> (0x00000000fe86b970) thrown at [s\src\hotspot\share\classfile\systemDictionary.cpp, line 219]
Event: 1.142 Thread 0x000001a41db0e000 Exception <a 'java/lang/NoSuchMethodError'{0x00000000fff69428}: 'java.lang.Object java.lang.invoke.DirectMethodHandle$Holder.invokeVirtual(java.lang.Object, java.lang.Object, java.lang.Object, java.lang.Object, java.lang.Object, java.lang.Object, java.lang.Object)'> (0x00000000fff69428) thrown at [s\src\hotspot\share\interpreter\linkResolver.cpp, line 773]
Event: 1.144 Thread 0x000001a41db0e000 Exception <a 'java/lang/NoSuchMethodError'{0x00000000fff7d6b0}: 'java.lang.Object java.lang.invoke.Invokers$Holder.invoker(java.lang.Object, java.lang.Object, java.lang.Object)'> (0x00000000fff7d6b0) thrown at [s\src\hotspot\share\interpreter\linkResolver.cpp, line 773]
Event: 1.146 Thread 0x000001a41db0e000 Exception <a 'java/lang/NoSuchMethodError'{0x00000000fffce5b0}: 'void java.lang.invoke.DelegatingMethodHandle$Holder.delegate(java.lang.Object, java.lang.Object, int, java.lang.Object)'> (0x00000000fffce5b0) thrown at [s\src\hotspot\share\interpreter\linkResolver.cpp, line 773]
Event: 1.284 Thread 0x000001a41db0e000 Exception <a 'java/lang/NoSuchMethodError'{0x00000000ff70bfd0}: 'java.lang.Object java.lang.invoke.DirectMethodHandle$Holder.invokeInterface(java.lang.Object, java.lang.Object, java.lang.Object)'> (0x00000000ff70bfd0) thrown at [s\src\hotspot\share\interpreter\linkResolver.cpp, line 773]
Event: 1.370 Thread 0x000001a41db0e000 Exception <a 'java/lang/NoSuchMethodError'{0x00000000ff5ad510}: 'java.lang.Object java.lang.invoke.DirectMethodHandle$Holder.invokeStaticInit(java.lang.Object, java.lang.Object, java.lang.Object)'> (0x00000000ff5ad510) thrown at [s\src\hotspot\share\interpreter\linkResolver.cpp, line 773]
Event: 1.466 Thread 0x000001a41db0e000 Exception <a 'java/lang/NoSuchMethodError'{0x00000000fef2e668}: 'java.lang.Object java.lang.invoke.DirectMethodHandle$Holder.invokeStaticInit(java.lang.Object, int, int, int, int)'> (0x00000000fef2e668) thrown at [s\src\hotspot\share\interpreter\linkResolver.cpp, line 773]
Event: 1.785 Thread 0x000001a41db0e000 Exception <a 'java/lang/NoSuchMethodError'{0x00000000fefcb110}: 'java.lang.Object java.lang.invoke.DirectMethodHandle$Holder.invokeStaticInit(java.lang.Object, java.lang.Object, int, int, int, int)'> (0x00000000fefcb110) thrown at [s\src\hotspot\share\interpreter\linkResolver.cpp, line 773]
Event: 2.101 Thread 0x000001a41db0e000 Implicit null exception at 0x000001a42f6c32f4 to 0x000001a42f6c3870
Event: 2.102 Thread 0x000001a41db0e000 Implicit null exception at 0x000001a42f6d29f4 to 0x000001a42f6d2f44

Events (20 events):
Event: 39.896 loading class java/io/ObjectInputStream$BlockDataInputStream
Event: 39.897 loading class java/io/ObjectInputStream$BlockDataInputStream done
Event: 39.897 loading class java/io/ObjectInputStream$PeekInputStream
Event: 39.899 loading class java/io/ObjectInputStream$PeekInputStream done
Event: 39.899 loading class java/io/ObjectInputStream$HandleTable
Event: 39.900 loading class java/io/ObjectInputStream$HandleTable done
Event: 39.900 loading class java/io/ObjectInputStream$HandleTable$HandleList
Event: 39.901 loading class java/io/ObjectInputStream$HandleTable$HandleList done
Event: 39.901 loading class java/io/ObjectInputStream$ValidationList
Event: 39.902 loading class java/io/ObjectInputStream$ValidationList done
Event: 39.902 loading class java/io/ObjectInputFilter$Config
Event: 39.902 loading class java/io/ObjectInputFilter$Config done
Event: 39.902 loading class java/io/ObjectInputFilter
Event: 39.903 loading class java/io/ObjectInputFilter done
Event: 39.904 loading class jdk/internal/misc/JavaObjectInputFilterAccess
Event: 39.904 loading class jdk/internal/misc/JavaObjectInputFilterAccess done
Event: 39.905 loading class java/io/Bits
Event: 39.906 loading class java/io/Bits done
Event: 39.906 loading class org/gradle/internal/serialize/ExceptionReplacingObjectInputStream$1
Event: 39.906 loading class org/gradle/internal/serialize/ExceptionReplacingObjectInputStream$1 done


Dynamic libraries:
0x00007ff6b18d0000 - 0x00007ff6b18dd000 	C:\Program Files\Microsoft\jdk-11.0.20.8-hotspot\bin\java.exe
0x00007ffc0e930000 - 0x00007ffc0eb44000 	C:\WINDOWS\SYSTEM32\ntdll.dll
0x00007ffc0def0000 - 0x00007ffc0dfb4000 	C:\WINDOWS\System32\KERNEL32.DLL
0x00007ffc0c310000 - 0x00007ffc0c6b4000 	C:\WINDOWS\System32\KERNELBASE.dll
0x00007ffc0bdd0000 - 0x00007ffc0bee1000 	C:\WINDOWS\System32\ucrtbase.dll
0x00007ffbd9960000 - 0x00007ffbd9977000 	C:\Program Files\Microsoft\jdk-11.0.20.8-hotspot\bin\jli.dll
0x00007ffbd8f50000 - 0x00007ffbd8f65000 	C:\Program Files\Microsoft\jdk-11.0.20.8-hotspot\bin\VCRUNTIME140.dll
0x00007ffc0ca50000 - 0x00007ffc0cbfe000 	C:\WINDOWS\System32\USER32.dll
0x00007ffc0c2e0000 - 0x00007ffc0c306000 	C:\WINDOWS\System32\win32u.dll
0x00007ffc0dcd0000 - 0x00007ffc0dcf9000 	C:\WINDOWS\System32\GDI32.dll
0x00007ffc0c1c0000 - 0x00007ffc0c2d9000 	C:\WINDOWS\System32\gdi32full.dll
0x00007ffc0c120000 - 0x00007ffc0c1ba000 	C:\WINDOWS\System32\msvcp_win.dll
0x00007ffbfb900000 - 0x00007ffbfbb93000 	C:\WINDOWS\WinSxS\amd64_microsoft.windows.common-controls_6595b64144ccf1df_6.0.22621.2050_none_2711e5bf7383c458\COMCTL32.dll
0x00007ffc0e090000 - 0x00007ffc0e137000 	C:\WINDOWS\System32\msvcrt.dll
0x00007ffc0e760000 - 0x00007ffc0e791000 	C:\WINDOWS\System32\IMM32.DLL
0x00007ffbbac20000 - 0x00007ffbbacbb000 	C:\Program Files\Microsoft\jdk-11.0.20.8-hotspot\bin\msvcp140.dll
0x00007ffb5b270000 - 0x00007ffb5be06000 	C:\Program Files\Microsoft\jdk-11.0.20.8-hotspot\bin\server\jvm.dll
0x00007ffc0d520000 - 0x00007ffc0d5ce000 	C:\WINDOWS\System32\ADVAPI32.dll
0x00007ffc0e6b0000 - 0x00007ffc0e754000 	C:\WINDOWS\System32\sechost.dll
0x00007ffc0e7c0000 - 0x00007ffc0e8d7000 	C:\WINDOWS\System32\RPCRT4.dll
0x00007ffc0e8e0000 - 0x00007ffc0e8e8000 	C:\WINDOWS\System32\PSAPI.DLL
0x00007ffc04df0000 - 0x00007ffc04e24000 	C:\WINDOWS\SYSTEM32\WINMM.dll
0x00007ffbf3830000 - 0x00007ffbf3839000 	C:\WINDOWS\SYSTEM32\WSOCK32.dll
0x00007ffc0d4a0000 - 0x00007ffc0d511000 	C:\WINDOWS\System32\WS2_32.dll
0x00007ffc04d50000 - 0x00007ffc04d5a000 	C:\WINDOWS\SYSTEM32\VERSION.dll
0x00007ffc0ad20000 - 0x00007ffc0ad38000 	C:\WINDOWS\SYSTEM32\kernel.appcore.dll
0x00007ffbe0470000 - 0x00007ffbe0480000 	C:\Program Files\Microsoft\jdk-11.0.20.8-hotspot\bin\verify.dll
0x00007ffbff6d0000 - 0x00007ffbff8fe000 	C:\WINDOWS\SYSTEM32\DBGHELP.DLL
0x00007ffc0c6c0000 - 0x00007ffc0ca4a000 	C:\WINDOWS\System32\combase.dll
0x00007ffc0e140000 - 0x00007ffc0e217000 	C:\WINDOWS\System32\OLEAUT32.dll
0x00007ffbf56d0000 - 0x00007ffbf5702000 	C:\WINDOWS\SYSTEM32\dbgcore.DLL
0x00007ffc0bce0000 - 0x00007ffc0bd5a000 	C:\WINDOWS\System32\bcryptPrimitives.dll
0x00007ffbd07f0000 - 0x00007ffbd0818000 	C:\Program Files\Microsoft\jdk-11.0.20.8-hotspot\bin\java.dll
0x00007ffbdd100000 - 0x00007ffbdd10a000 	C:\Program Files\Microsoft\jdk-11.0.20.8-hotspot\bin\jimage.dll
0x00007ffbd7c50000 - 0x00007ffbd7c68000 	C:\Program Files\Microsoft\jdk-11.0.20.8-hotspot\bin\zip.dll
0x00007ffc0cc70000 - 0x00007ffc0d493000 	C:\WINDOWS\System32\SHELL32.dll
0x00007ffc09c60000 - 0x00007ffc0a54b000 	C:\WINDOWS\SYSTEM32\windows.storage.dll
0x00007ffc09b20000 - 0x00007ffc09c5e000 	C:\WINDOWS\SYSTEM32\wintypes.dll
0x00007ffc0d5d0000 - 0x00007ffc0d6c3000 	C:\WINDOWS\System32\SHCORE.dll
0x00007ffc0cc10000 - 0x00007ffc0cc6e000 	C:\WINDOWS\System32\shlwapi.dll
0x00007ffc0bc10000 - 0x00007ffc0bc36000 	C:\WINDOWS\SYSTEM32\profapi.dll
0x00007ffbd6a50000 - 0x00007ffbd6a69000 	C:\Program Files\Microsoft\jdk-11.0.20.8-hotspot\bin\net.dll
0x00007ffc03830000 - 0x00007ffc03967000 	C:\WINDOWS\SYSTEM32\WINHTTP.dll
0x00007ffc0b1a0000 - 0x00007ffc0b209000 	C:\WINDOWS\system32\mswsock.dll
0x00007ffbd2d10000 - 0x00007ffbd2d23000 	C:\Program Files\Microsoft\jdk-11.0.20.8-hotspot\bin\nio.dll
0x00007ffbc77f0000 - 0x00007ffbc7817000 	C:\Users\xuanh\.gradle\native\e1d6ef7f7dcc3fd88c89a11ec53ec762bb8ba0a96d01ffa2cd45eb1d1d8dd5c5\windows-amd64\native-platform.dll
0x00007ffc07360000 - 0x00007ffc0736a000 	C:\Users\xuanh\.gradle\native\jansi\1.18\windows64\jansi.dll
0x00007ffbda5a0000 - 0x00007ffbda5a9000 	C:\Program Files\Microsoft\jdk-11.0.20.8-hotspot\bin\management.dll
0x00007ffbda410000 - 0x00007ffbda41b000 	C:\Program Files\Microsoft\jdk-11.0.20.8-hotspot\bin\management_ext.dll
0x00007ffc0b410000 - 0x00007ffc0b42b000 	C:\WINDOWS\SYSTEM32\CRYPTSP.dll
0x00007ffc0ac90000 - 0x00007ffc0acc5000 	C:\WINDOWS\system32\rsaenh.dll
0x00007ffc0b2a0000 - 0x00007ffc0b2cc000 	C:\WINDOWS\SYSTEM32\USERENV.dll
0x00007ffc0b5a0000 - 0x00007ffc0b5c8000 	C:\WINDOWS\SYSTEM32\bcrypt.dll
0x00007ffc0b400000 - 0x00007ffc0b40c000 	C:\WINDOWS\SYSTEM32\CRYPTBASE.dll
0x00007ffc0a7b0000 - 0x00007ffc0a7dd000 	C:\WINDOWS\SYSTEM32\IPHLPAPI.DLL
0x00007ffc0e220000 - 0x00007ffc0e229000 	C:\WINDOWS\System32\NSI.dll
0x00007ffc03680000 - 0x00007ffc03699000 	C:\WINDOWS\SYSTEM32\dhcpcsvc6.DLL
0x00007ffc03660000 - 0x00007ffc0367f000 	C:\WINDOWS\SYSTEM32\dhcpcsvc.DLL
0x00007ffc0a820000 - 0x00007ffc0a913000 	C:\WINDOWS\SYSTEM32\DNSAPI.dll

dbghelp: loaded successfully - version: 4.0.5 - missing functions: none
symbol engine: initialized successfully - sym options: 0x614 - pdb path: .;C:\Program Files\Microsoft\jdk-11.0.20.8-hotspot\bin;C:\WINDOWS\SYSTEM32;C:\WINDOWS\WinSxS\amd64_microsoft.windows.common-controls_6595b64144ccf1df_6.0.22621.2050_none_2711e5bf7383c458;C:\Program Files\Microsoft\jdk-11.0.20.8-hotspot\bin\server;C:\Users\xuanh\.gradle\native\e1d6ef7f7dcc3fd88c89a11ec53ec762bb8ba0a96d01ffa2cd45eb1d1d8dd5c5\windows-amd64;C:\Users\xuanh\.gradle\native\jansi\1.18\windows64

VM Arguments:
jvm_args: -Xmx64m -Xms64m -Dorg.gradle.appname=gradlew 
java_command: org.gradle.wrapper.GradleWrapperMain app:installDebug -PreactNativeDevServerPort=8081
java_class_path (initial): D:\react-native\TheCoffeeHouse\android\\gradle\wrapper\gradle-wrapper.jar
Launcher Type: SUN_STANDARD

[Global flags]
     intx CICompilerCount                          = 4                                         {product} {ergonomic}
     uint ConcGCThreads                            = 3                                         {product} {ergonomic}
     uint G1ConcRefinementThreads                  = 10                                        {product} {ergonomic}
   size_t G1HeapRegionSize                         = 1048576                                   {product} {ergonomic}
    uintx GCDrainStackTargetSize                   = 64                                        {product} {ergonomic}
   size_t InitialHeapSize                          = 67108864                                  {product} {command line}
   size_t MarkStackSize                            = 4194304                                   {product} {ergonomic}
   size_t MaxHeapSize                              = 67108864                                  {product} {command line}
   size_t MaxNewSize                               = 39845888                                  {product} {ergonomic}
   size_t MinHeapDeltaBytes                        = 1048576                                   {product} {ergonomic}
    uintx NonNMethodCodeHeapSize                   = 5836300                                {pd product} {ergonomic}
    uintx NonProfiledCodeHeapSize                  = 122910970                              {pd product} {ergonomic}
    uintx ProfiledCodeHeapSize                     = 122910970                              {pd product} {ergonomic}
    uintx ReservedCodeCacheSize                    = 251658240                              {pd product} {ergonomic}
     bool SegmentedCodeCache                       = true                                      {product} {ergonomic}
     bool UseCompressedClassPointers               = true                                 {lp64_product} {ergonomic}
     bool UseCompressedOops                        = true                                 {lp64_product} {ergonomic}
     bool UseG1GC                                  = true                                      {product} {ergonomic}
     bool UseLargePagesIndividualAllocation        = false                                  {pd product} {ergonomic}

Logging:
Log output configuration:
 #0: stdout all=warning uptime,level,tags
 #1: stderr all=off uptime,level,tags

Environment Variables:
JAVA_HOME=C:\Program Files\Microsoft\jdk-11.0.20.8-hotspot\
CLASSPATH=D:\react-native\TheCoffeeHouse\android\\gradle\wrapper\gradle-wrapper.jar
PATH=D:\react-native\TheCoffeeHouse\android\node_modules\.bin;D:\react-native\TheCoffeeHouse\node_modules\.bin;D:\react-native\node_modules\.bin;D:\node_modules\.bin;C:\Program Files\nodejs;C:\Users\xuanh\AppData\Local\Temp\yarn--1695822051214-0.2756515063200373;D:\react-native\TheCoffeeHouse\node_modules\.bin;C:\Users\xuanh\AppData\Local\Yarn\Data\link\node_modules\.bin;C:\Users\xuanh\AppData\Local\Yarn\bin;C:\Program Files\libexec\lib\node_modules\npm\bin\node-gyp-bin;C:\Program Files\lib\node_modules\npm\bin\node-gyp-bin;C:\Program Files\nodejs\node_modules\npm\bin\node-gyp-bin;C:\Program Files\Microsoft\jdk-11.0.20.8-hotspot\bin;C:\Program Files\Common Files\Oracle\Java\javapath;C:\WINDOWS\system32;C:\WINDOWS;C:\WINDOWS\System32\Wbem;C:\WINDOWS\System32\WindowsPowerShell\v1.0\;C:\WINDOWS\System32\OpenSSH\;C:\Program Files\Git\cmd;C:\Program Files\nodejs\;C:\ProgramData\chocolatey\bin;;C:\Program Files\NVIDIA Corporation\NVIDIA NvDLISR;C:\Program Files (x86)\NVIDIA Corporation\PhysX\Common;C:\Users\xuanh\scoop\shims;C:\Users\xuanh\AppData\Local\Android\Sdk\platform-tools;C:\Users\xuanh\AppData\Local\Microsoft\WindowsApps;C:\Users\xuanh\AppData\Roaming\npm;C:\Users\xuanh\AppData\Local\Programs\Microsoft VS Code\bin;C:\Users\xuanh\AppData\Local\GitHubDesktop\bin;C:\xampp\php;;C:\Users\xuanh\AppData\Local\Programs\oh-my-posh\bin
USERNAME=xuanhoang
LANG=en_US.UTF-8
OS=Windows_NT
PROCESSOR_IDENTIFIER=AMD64 Family 23 Model 104 Stepping 1, AuthenticAMD
TMP=C:\Users\xuanh\AppData\Local\Temp
TEMP=C:\Users\xuanh\AppData\Local\Temp



---------------  S Y S T E M  ---------------

OS: Windows 11 , 64 bit Build 22621 (10.0.22621.2050)
OS uptime: 5 days 13:29 hours

CPU:total 12 (initial active 12) (12 cores per cpu, 2 threads per core) family 23 model 104 stepping 1 microcode 0x0, cmov, cx8, fxsr, mmx, sse, sse2, sse3, ssse3, sse4.1, sse4.2, popcnt, avx, avx2, aes, clmul, mmxext, 3dnowpref, lzcnt, sse4a, ht, tsc, tscinvbit, tscinv, bmi1, bmi2, adx, sha, fma

Memory: 4k page, system-wide physical 7514M (373M free)
TotalPageFile size 26093M (AvailPageFile size 382M)
current process WorkingSet (physical memory assigned to process): 13M, peak: 94M
current process commit charge ("private bytes"): 164M, peak: 168M

vm_info: OpenJDK 64-Bit Server VM (11.0.20+8-LTS) for windows-amd64 JRE (11.0.20+8-LTS), built on Jul  7 2023 17:05:21 by "MicrosoftCorporation" with MS VC++ 15.9 (VS2017)

END.
